2025-08-25 14:22:19,045 - INFO - === APPLICATION STARTUP ===
2025-08-25 14:22:19,045 - INFO - === APPLICATION STARTUP ===
2025-08-25 14:22:20,890 - INFO - Starting model loading process...
2025-08-25 14:22:20,905 - INFO - Starting model loading process...
2025-08-25 14:22:21,371 - INFO - Model type: <class 'xgboost.sklearn.XGBClassifier'>
2025-08-25 14:22:21,395 - INFO - Model type: <class 'xgboost.sklearn.XGBClassifier'>
2025-08-25 14:22:21,405 - INFO - Sample data shape: (200, 13)
2025-08-25 14:22:21,405 - INFO - Sample data columns: ['age', 'sex', 'cp', 'trestbps', 'chol', 'fbs', 'restecg', 'thalach', 'exang', 'oldpeak', 'slope', 'ca', 'thal']
2025-08-25 14:22:21,434 - INFO - Sample data shape: (200, 13)
2025-08-25 14:22:21,434 - INFO - Sample data columns: ['age', 'sex', 'cp', 'trestbps', 'chol', 'fbs', 'restecg', 'thalach', 'exang', 'oldpeak', 'slope', 'ca', 'thal']
2025-08-25 14:33:07,998 - INFO - === APPLICATION STARTUP ===
2025-08-25 14:33:09,735 - INFO - Starting model loading process...
2025-08-25 14:33:09,996 - INFO - Model type: <class 'xgboost.sklearn.XGBClassifier'>
2025-08-25 14:33:10,005 - INFO - Sample data shape: (200, 13)
2025-08-25 14:33:10,005 - INFO - Sample data columns: ['age', 'sex', 'cp', 'trestbps', 'chol', 'fbs', 'restecg', 'thalach', 'exang', 'oldpeak', 'slope', 'ca', 'thal']
2025-08-25 14:33:48,992 - INFO - === APPLICATION STARTUP ===
2025-08-25 14:33:50,742 - INFO - Starting model loading process...
2025-08-25 14:33:50,857 - INFO - Model type: <class 'xgboost.sklearn.XGBClassifier'>
2025-08-25 14:33:50,867 - INFO - Sample data shape: (200, 13)
2025-08-25 14:33:50,867 - INFO - Sample data columns: ['age', 'sex', 'cp', 'trestbps', 'chol', 'fbs', 'restecg', 'thalach', 'exang', 'oldpeak', 'slope', 'ca', 'thal']
2025-08-25 14:42:12,074 - INFO - === APPLICATION STARTUP ===
2025-08-25 14:42:14,957 - INFO - Starting model loading process...
2025-08-25 14:42:15,137 - INFO - Model type: <class 'xgboost.sklearn.XGBClassifier'>
2025-08-25 14:42:15,157 - INFO - Sample data shape: (200, 13)
2025-08-25 14:42:15,157 - INFO - Sample data columns: ['age', 'sex', 'cp', 'trestbps', 'chol', 'fbs', 'restecg', 'thalach', 'exang', 'oldpeak', 'slope', 'ca', 'thal']
2025-08-25 14:47:21,180 - INFO - === APPLICATION STARTUP ===
2025-08-25 14:47:22,585 - INFO - Starting model loading process...
2025-08-25 14:47:22,778 - INFO - Model type: <class 'xgboost.sklearn.XGBClassifier'>
2025-08-25 14:47:22,781 - INFO - Sample data shape: (200, 13)
2025-08-25 14:47:22,781 - INFO - Sample data columns: ['age', 'sex', 'cp', 'trestbps', 'chol', 'fbs', 'restecg', 'thalach', 'exang', 'oldpeak', 'slope', 'ca', 'thal']
2025-08-25 14:49:41,721 - INFO - === APPLICATION STARTUP ===
2025-08-25 14:49:43,073 - INFO - Starting model loading process...
2025-08-25 14:49:43,307 - INFO - Model type: <class 'xgboost.sklearn.XGBClassifier'>
2025-08-25 14:49:43,310 - INFO - Sample data shape: (200, 13)
2025-08-25 14:49:43,310 - INFO - Sample data columns: ['age', 'sex', 'cp', 'trestbps', 'chol', 'fbs', 'restecg', 'thalach', 'exang', 'oldpeak', 'slope', 'ca', 'thal']
2025-08-25 14:51:08,452 - INFO - === APPLICATION STARTUP ===
2025-08-25 14:51:09,796 - INFO - Starting model loading process...
2025-08-25 14:51:09,987 - INFO - Model type: <class 'xgboost.sklearn.XGBClassifier'>
2025-08-25 14:51:09,989 - INFO - Sample data shape: (200, 13)
2025-08-25 14:51:09,989 - INFO - Sample data columns: ['age', 'sex', 'cp', 'trestbps', 'chol', 'fbs', 'restecg', 'thalach', 'exang', 'oldpeak', 'slope', 'ca', 'thal']
2025-08-25 14:51:52,933 - INFO - === APPLICATION STARTUP ===
2025-08-25 14:51:54,233 - INFO - Starting model loading process...
2025-08-25 14:51:54,453 - INFO - Model type: <class 'xgboost.sklearn.XGBClassifier'>
2025-08-25 14:51:54,456 - INFO - Sample data shape: (200, 13)
2025-08-25 14:51:54,458 - INFO - Sample data columns: ['age', 'sex', 'cp', 'trestbps', 'chol', 'fbs', 'restecg', 'thalach', 'exang', 'oldpeak', 'slope', 'ca', 'thal']
2025-08-25 14:52:36,676 - INFO - === APPLICATION STARTUP ===
2025-08-25 14:52:37,983 - INFO - Starting model loading process...
2025-08-25 14:52:38,197 - INFO - Model type: <class 'xgboost.sklearn.XGBClassifier'>
2025-08-25 14:52:38,201 - INFO - Sample data shape: (200, 13)
2025-08-25 14:52:38,201 - INFO - Sample data columns: ['age', 'sex', 'cp', 'trestbps', 'chol', 'fbs', 'restecg', 'thalach', 'exang', 'oldpeak', 'slope', 'ca', 'thal']
